<?xml version="1.0" encoding="UTF-8"?>
<!-- Generated by org.testng.reporters.JUnitXMLReporter -->
<testsuite hostname="M1525102" ignored="0" name="PlatformChrome" tests="1" failures="1" timestamp="16 Jan 2017 06:34:32 GMT" time="1.941" errors="0">
  <testcase name="@AfterClass tearDown" time="0.0" classname="com.cerner.pctorion.utility.Settings">
    <failure type="java.lang.NullPointerException">
      <![CDATA[java.lang.NullPointerException
	at com.cerner.pctorion.utility.Settings.tearDown(Settings.java:48)
... Removed 25 stack frames]]>
    </failure>
  </testcase> <!-- @AfterClass tearDown -->
  <testcase name="ornVrVisitList" time="0.468" classname="com.cerner.pctorion.chartTests.ORN_VR_VISITLIST">
    <failure type="java.lang.NullPointerException">
      <![CDATA[java.lang.NullPointerException
	at com.cerner.pctorion.utility.DataTable.getColumnNames(DataTable.java:92)
	at com.cerner.pctorion.utility.DataTable.loadTestData(DataTable.java:38)
	at com.cerner.pctorion.utility.DataTable.<init>(DataTable.java:32)
	at com.cerner.pctorion.chartTests.ORN_VR_VISITLIST.ornVrVisitList(ORN_VR_VISITLIST.java:43)
... Removed 25 stack frames]]>
    </failure>
  </testcase> <!-- ornVrVisitList -->
</testsuite> <!-- PlatformChrome -->
